[LOG] System::create                           : Header version = 1.10.08. Current version = 1.10.08.
[LOG] SystemI::setOutputInternal               : Setting output to 'FMOD WASAPI Output'
[LOG] Manager::init                            : maxchannels = 1024 studioflags = 00000009 flags 00000000 extradriverdata 0000000000000000.
[LOG] SystemI::init                            : Initialize version=11008 (96768), maxchannels=1024, flags=0x00030000
[LOG] OutputWASAPI::init                       : Mix Format (WAVEFORMATEX): wFormatTag=0xFFFE, nChannels=2, nSamplesPerSec=48000, nAvgBytesPerSec=384000, nBlockAlign=8, wBitsPerSample=32, cbSize=22.
[LOG] OutputWASAPI::init                       : Mix Format (WAVEFORMATEXTENSIBLE): wValidBitsPerSample=32, dwChannelMask=0x00000003, SubFormat=00000003-0000-0010-8000-00AA00389B71.
[LOG] OutputWASAPI::init                       : Output buffer size: 4096 samples, latency: 0.00ms, period: 10.00ms, DSP buffer: 1024 * 4
[LOG] Thread::initThread                       : Init FMOD stream thread. Priority: 2, Stack Size: 65536, Semaphore: No, Sleep Time: 10, Looping: Yes.
[LOG] SystemI::DSPCodecPoolRegister            : register codec pool for pool type 5
[LOG] Thread::initThread                       : Init FMOD mixer thread. Priority: 3, Stack Size: 49152, Semaphore: No, Sleep Time: 0, Looping: Yes.
[LOG] AsyncManager::init                       : manager 000000002FFBBCD8 isAsync 1 updatePeriod 0.02
[LOG] Thread::initThread                       : Init FMOD Studio update thread. Priority: 0, Stack Size: 65536, Semaphore: No, Sleep Time: 1, Looping: No.
[LOG] AsyncManager::init                       : done
[LOG] PlaybackSystem::init                     : 
[LOG] Thread::initThread                       : Init FMOD Studio sample load thread. Priority: 0, Stack Size: 65536, Semaphore: No, Sleep Time: 1, Looping: No.
[LOG] PlaybackSystem::init                     : done
[LOG] LiveUpdate::init                         : 
[LOG] Thread::initThread                       : Init FMOD Studio bank load thread. Priority: 0, Stack Size: 65536, Semaphore: No, Sleep Time: 1, Looping: No.
[LOG] Manager::init                            : done.
[LOG] Profile::init                            : Profiler listening on port: 9264
[LOG] Manager::readBank                        : fileversion = 100, compatVersion = 99 (oldest = 44, newest = 100)
[LOG] Manager::readBank                        : fileversion = 100, compatVersion = 99 (oldest = 44, newest = 100)
[LOG] PlaybackSystem::acquireMasterBus         : Setting master channel group format to 6
[LOG] SystemI::createSound                     : filename = ..\FMOD\Door\Build\Desktop/Master Bank.bank : mode 02010082
[LOG] SystemI::createSound                     : FMOD_NONBLOCKING specified.  Putting into queue to be opened asynchronously!
[LOG] Thread::initThread                       : Init FMOD nonblocking thread (0). Priority: 1, Stack Size: 81920, Semaphore: Yes, Sleep Time: 0, Looping: Yes.
<<<<<<< Updated upstream
[LOG] SystemI::createSound                     : setdata soundi = 000000005C7B7F88 : node = 00000000389EE000
[LOG] SystemI::createSound                     : add node to async list : head = 000000005CDA4618.  list count = 0
[LOG] AsyncThread::threadFunc                  : Starting Asynchronous operation on sound 000000005C7B7F88
=======
[LOG] SystemI::createSound                     : setdata soundi = 000000002FE809F8 : node = 0000000011F883C0
[LOG] SystemI::createSound                     : add node to async list : head = 0000000000787FB8.  list count = 0
[LOG] AsyncThread::threadFunc                  : Starting Asynchronous operation on sound 000000002FE809F8
>>>>>>> Stashed changes
[LOG] SystemI::createSoundInternal             :     Create name='..\FMOD\Door\Build\Desktop/Master Bank.bank', mode=0x02010082
[LOG] SystemI::createSoundInternal             :     exinfo->cbsize             = 232
[LOG] SystemI::createSoundInternal             :     exinfo->length             = 1527936
[LOG] SystemI::createSoundInternal             :     exinfo->fileoffset         = 14880
[LOG] SystemI::createSoundInternal             :     exinfo->numsubsounds       = 1
<<<<<<< Updated upstream
[LOG] SystemI::createSoundInternal             :     exinfo->inclusionlist      = 00000000389EE118
=======
[LOG] SystemI::createSoundInternal             :     exinfo->inclusionlist      = 0000000011F884D8
>>>>>>> Stashed changes
[LOG] SystemI::createSoundInternal             :     exinfo->inclusionlistnum   = 1
[LOG] SystemI::createSoundInternal             :     exinfo->suggestedsoundtype = 5
[LOG] SystemI::createSoundInternal             :     exinfo->initialseekpostype = 1
[LOG] SystemI::createSoundInternal             :     Stream 0/1: name='Stealth', format=2, channels=2, frequency=48000, lengthbytes=1180224, lengthpcm=4253537, pcmblocksize=0, loopstart=0, loopend=0, mode=0x00000000, channelmask=0x00000000, channelorder=0, peakvolume=0.804871.
[LOG] Thread::initThread                       :     Init FMOD file thread. Priority: 1, Stack Size: 16384, Semaphore: No, Sleep Time: 10, Looping: Yes.
<<<<<<< Updated upstream
[LOG] AsyncThread::threadFunc                  : Finished Asynchronous operation on sound 000000005C7B7F88
[LOG] SoundI::getSubSound                      : sound 000000005C7B7F88.  Subsound index 0 / 1
[LOG] SystemI::createSound                     : filename = ..\FMOD\Door\Build\Desktop/Master Bank.bank : mode 02010082
[LOG] SystemI::createSound                     : FMOD_NONBLOCKING specified.  Putting into queue to be opened asynchronously!
[LOG] SystemI::createSound                     : setdata soundi = 000000005C7B8138 : node = 00000000389EE150
[LOG] SystemI::createSound                     : add node to async list : head = 000000005CDA4618.  list count = 0
[LOG] AsyncThread::threadFunc                  : Starting Asynchronous operation on sound 000000005C7B8138
[LOG] SystemI::createSoundInternal             :     Create name='..\FMOD\Door\Build\Desktop/Master Bank.bank', mode=0x02010082
[LOG] SystemI::createSoundInternal             :     exinfo->cbsize             = 232
[LOG] SystemI::createSoundInternal             :     exinfo->length             = 1527936
[LOG] SystemI::createSoundInternal             :     exinfo->fileoffset         = 14880
[LOG] SystemI::createSoundInternal             :     exinfo->numsubsounds       = 1
[LOG] SystemI::createSoundInternal             :     exinfo->inclusionlist      = 00000000389EE268
[LOG] SystemI::createSoundInternal             :     exinfo->inclusionlistnum   = 1
[LOG] SystemI::createSoundInternal             :     exinfo->suggestedsoundtype = 5
[LOG] SystemI::createSoundInternal             :     exinfo->initialseekpostype = 1
[LOG] SystemI::createSoundInternal             :     Stream 0/1: name='Stealth', format=2, channels=2, frequency=48000, lengthbytes=1180224, lengthpcm=4253537, pcmblocksize=0, loopstart=0, loopend=0, mode=0x00000000, channelmask=0x00000000, channelorder=0, peakvolume=0.804871.
[LOG] AsyncThread::threadFunc                  : Finished Asynchronous operation on sound 000000005C7B8138
[LOG] SoundI::getSubSound                      : sound 000000005C7B8138.  Subsound index 0 / 1
[LOG] SoundI::release                          : Stealth (000000005C7B7F88)
[LOG] SoundI::release                          :     Stealth (000000005CDA5028)
[LOG] SoundI::release                          :     Stealth (000000002CC57658)
[LOG] SoundI::release                          : Stealth (000000005C7B8138)
[LOG] SoundI::release                          :     Stealth (000000005CDA49A8)
[LOG] SoundI::release                          :     Stealth (0000000038B25B38)
=======
[LOG] AsyncThread::threadFunc                  : Finished Asynchronous operation on sound 000000002FE809F8
[LOG] SoundI::getSubSound                      : sound 000000002FE809F8.  Subsound index 0 / 1
[LOG] SoundI::release                          : Stealth (000000002FE809F8)
[LOG] SoundI::release                          :     Stealth (000000002FF465E8)
[LOG] SoundI::release                          :     Stealth (000000002FE80F08)
>>>>>>> Stashed changes
[LOG] Thread::callback                         : FMOD Studio update thread finished.
[LOG] Thread::callback                         : FMOD Studio bank load thread finished.
[LOG] Profile::disconnectAll                   : Profiler disconnecting all clients
[LOG] Thread::callback                         : FMOD Studio sample load thread finished.
[LOG] LiveUpdate::release                      : 
[LOG] LiveUpdate::reset                        : Reset connection (reason Disconnected)
[LOG] Thread::callback                         : FMOD stream thread finished.
[LOG] Thread::callback                         : FMOD mixer thread finished.
[LOG] Profile::disconnectAll                   : Profiler disconnecting all clients
[LOG] Thread::callback                         : FMOD nonblocking thread (0) finished.
[LOG] Thread::callback                         : FMOD file thread finished.
[LOG] SystemI::close                           : Closed.
